<?xml version="1.0" encoding="UTF-8"?>
<!-- Generated by org.testng.reporters.JUnitXMLReporter -->
<testsuite ignored="0" hostname="LAPTOP-B9IHLES2" failures="0" tests="4" name="Default test" time="0.038" errors="0" timestamp="2023-01-12T23:59:57 IST">
  <testcase classname="TestNG.practice2" name="prabhas" time="0.008"/>
  <testcase classname="TestNG.practice2" name="eshwar" time="0.001"/>
  <testcase classname="TestNG.practice2" name="dhanush" time="0.001"/>
  <testcase classname="TestNG.practice2" name="alluarjun" time="0.001"/>
</testsuite> <!-- Default test -->
