<?xml version="1.0" encoding="UTF-8"?>
<testng-results ignored="0" total="2" passed="2" failed="0" skipped="0">
  <reporter-output>
  </reporter-output>
  <suite started-at="2023-01-18T00:45:16 IST" name="Suite" finished-at="2023-01-18T00:45:23 IST" duration-ms="6209">
    <groups>
    </groups>
    <test started-at="2023-01-18T00:45:16 IST" name="Test2" finished-at="2023-01-18T00:45:22 IST" duration-ms="5672">
      <class name="TestNG.parallel2">
        <test-method signature="TC2()[pri:0, instance:TestNG.parallel2@17497425]" started-at="2023-01-18T00:45:17 IST" name="TC2" finished-at="2023-01-18T00:45:22 IST" duration-ms="5635" status="PASS">
          <reporter-output>
          </reporter-output>
        </test-method> <!-- TC2 -->
      </class> <!-- TestNG.parallel2 -->
    </test> <!-- Test2 -->
    <test started-at="2023-01-18T00:45:16 IST" name="Test1" finished-at="2023-01-18T00:45:23 IST" duration-ms="6209">
      <class name="TestNG.parallel1">
        <test-method signature="TC1()[pri:0, instance:TestNG.parallel1@28f3b248]" started-at="2023-01-18T00:45:17 IST" name="TC1" finished-at="2023-01-18T00:45:23 IST" duration-ms="6174" status="PASS">
          <reporter-output>
          </reporter-output>
        </test-method> <!-- TC1 -->
      </class> <!-- TestNG.parallel1 -->
    </test> <!-- Test1 -->
  </suite> <!-- Suite -->
</testng-results>
